<?xml version="1.0" encoding="UTF-8"?>
<!-- Generated by org.testng.reporters.JUnitReportReporter -->
<testsuite hostname="Praveens-MacBook-Air.local" failures="0" tests="2" name="tests.StandAloneTest" time="22.031" errors="0" timestamp="2025-04-25T12:10:06 IST" skipped="0">
  <testcase classname="tests.StandAloneTest" name="registerUser" time="14.730"/>
  <system-out/>
  <testcase classname="tests.StandAloneTest" name="successfulLoginUser" time="7.301"/>
  <system-out/>
</testsuite> <!-- tests.StandAloneTest -->
