<?xml version="1.0" encoding="UTF-8"?>
<!-- Generated by org.testng.reporters.JUnitReportReporter -->
<testsuite hostname="Praveens-MacBook-Air.local" failures="0" tests="1" name="tests.StandAloneTest" time="16.242" errors="0" timestamp="2025-04-24T19:42:15 IST" skipped="0">
  <testcase classname="tests.StandAloneTest" name="registerUser" time="16.242"/>
  <system-out/>
</testsuite> <!-- tests.StandAloneTest -->
