<?xml version="1.0" encoding="UTF-8"?>
<!-- Generated by org.testng.reporters.JUnitReportReporter -->
<testsuite hostname="Praveens-MacBook-Air.local" failures="0" tests="1" name="tests.StandAloneTest" time="14.131" errors="0" timestamp="2025-04-24T22:00:00 IST" skipped="0">
  <testcase classname="tests.StandAloneTest" name="registerUser" time="14.131"/>
  <system-out/>
</testsuite> <!-- tests.StandAloneTest -->
