<?xml version="1.0" encoding="UTF-8"?>
<!-- Generated by org.testng.reporters.JUnitReportReporter -->
<testsuite hostname="Praveens-MacBook-Air.local" failures="0" tests="1" name="tests.RegisterUserScenario" time="11.432" errors="0" timestamp="2025-04-24T13:54:31 IST" skipped="0">
  <testcase classname="tests.RegisterUserScenario" name="registerUser" time="11.432"/>
</testsuite> <!-- tests.RegisterUserScenario -->
